{"uid":"f79110cde60d7631","name":"Investor Sign/Create  Successful","fullName":"src/test/resources/features/LoginInvestor.feature:20","historyId":"2cacf093dc95b68569cbdeaf7138af14","time":{"start":1725559261042,"stop":1725559267808,"duration":6766},"status":"broken","statusMessage":"element click intercepted: Element <a id=\"createAccount\" href=\"/equitybrixqa.onmicrosoft.com/B2C_1_susi/api/CombinedSigninAndSignup/unified?local=signup&amp;csrf_token=ZG5zZmJjdGo1Nk8waWhVMGhJNUxtOHNkZ0ZQVTNlU2QwMmFFVW5BZEFOUFJPWTUwdWw0MFNsR0RwTFI3blNKcXlIR1U0V0pUT1ZRZlJrWjQrbjZoTFE9PTsyMDI0LTA5LTA1VDE4OjAxOjA0Ljk4MzYwN1o7b2RsbkJSUkZHbzJyWTBMdTJTWWQ5QT09O3siT3JjaGVzdHJhdGlvblN0ZXAiOjF9&amp;tx=StateProperties=eyJUSUQiOiJlNDEwNWNiNi04YWMwLTRhNTAtYTUwMi1jMjFmNDhlN2NiOWMifQ&amp;p=B2C_1_susi\">...</a> is not clickable at point (794, 530). Other element would receive the click: <div id=\"api\" data-name=\"Unified\" role=\"main\">...</div>\n  (Session info: chrome=128.0.6613.120)\nBuild info: version: '4.24.0', revision: '748ffc9bc3'\nSystem info: os.name: 'Windows 11', os.arch: 'amd64', os.version: '10.0', java.version: '17.0.12'\nDriver info: org.openqa.selenium.chrome.ChromeDriver\nCommand: [5404d45c34ba18fdb9d3ce643f909bec, clickElement {id=f.14A001FD2AC826FF91932472AD64B374.d.3A3E8286ED5955C8295AE349FD73C3B7.e.149}]\nCapabilities {acceptInsecureCerts: false, browserName: chrome, browserVersion: 128.0.6613.120, chrome: {chromedriverVersion: 128.0.6613.119 (6e439cfca4d..., userDataDir: C:\\Users\\sirig\\AppData\\Loca...}, fedcm:accounts: true, goog:chromeOptions: {debuggerAddress: localhost:61159}, networkConnectionEnabled: false, pageLoadStrategy: normal, platformName: windows, proxy: Proxy(), se:cdp: ws://localhost:61159/devtoo..., se:cdpVersion: 128.0.6613.120, setWindowRect: true, strictFileInteractability: false, timeouts: {implicit: 0, pageLoad: 300000, script: 30000}, unhandledPromptBehavior: dismiss and notify, webauthn:extension:credBlob: true, webauthn:extension:largeBlob: true, webauthn:extension:minPinLength: true, webauthn:extension:prf: true, webauthn:virtualAuthenticators: true}\nElement: [[ChromeDriver: chrome on windows (5404d45c34ba18fdb9d3ce643f909bec)] -> xpath: //a[@id='createAccount']]\nSession ID: 5404d45c34ba18fdb9d3ce643f909bec","statusTrace":"org.openqa.selenium.ElementClickInterceptedException: element click intercepted: Element <a id=\"createAccount\" href=\"/equitybrixqa.onmicrosoft.com/B2C_1_susi/api/CombinedSigninAndSignup/unified?local=signup&amp;csrf_token=ZG5zZmJjdGo1Nk8waWhVMGhJNUxtOHNkZ0ZQVTNlU2QwMmFFVW5BZEFOUFJPWTUwdWw0MFNsR0RwTFI3blNKcXlIR1U0V0pUT1ZRZlJrWjQrbjZoTFE9PTsyMDI0LTA5LTA1VDE4OjAxOjA0Ljk4MzYwN1o7b2RsbkJSUkZHbzJyWTBMdTJTWWQ5QT09O3siT3JjaGVzdHJhdGlvblN0ZXAiOjF9&amp;tx=StateProperties=eyJUSUQiOiJlNDEwNWNiNi04YWMwLTRhNTAtYTUwMi1jMjFmNDhlN2NiOWMifQ&amp;p=B2C_1_susi\">...</a> is not clickable at point (794, 530). Other element would receive the click: <div id=\"api\" data-name=\"Unified\" role=\"main\">...</div>\n  (Session info: chrome=128.0.6613.120)\nBuild info: version: '4.24.0', revision: '748ffc9bc3'\nSystem info: os.name: 'Windows 11', os.arch: 'amd64', os.version: '10.0', java.version: '17.0.12'\nDriver info: org.openqa.selenium.chrome.ChromeDriver\nCommand: [5404d45c34ba18fdb9d3ce643f909bec, clickElement {id=f.14A001FD2AC826FF91932472AD64B374.d.3A3E8286ED5955C8295AE349FD73C3B7.e.149}]\nCapabilities {acceptInsecureCerts: false, browserName: chrome, browserVersion: 128.0.6613.120, chrome: {chromedriverVersion: 128.0.6613.119 (6e439cfca4d..., userDataDir: C:\\Users\\sirig\\AppData\\Loca...}, fedcm:accounts: true, goog:chromeOptions: {debuggerAddress: localhost:61159}, networkConnectionEnabled: false, pageLoadStrategy: normal, platformName: windows, proxy: Proxy(), se:cdp: ws://localhost:61159/devtoo..., se:cdpVersion: 128.0.6613.120, setWindowRect: true, strictFileInteractability: false, timeouts: {implicit: 0, pageLoad: 300000, script: 30000}, unhandledPromptBehavior: dismiss and notify, webauthn:extension:credBlob: true, webauthn:extension:largeBlob: true, webauthn:extension:minPinLength: true, webauthn:extension:prf: true, webauthn:virtualAuthenticators: true}\nElement: [[ChromeDriver: chrome on windows (5404d45c34ba18fdb9d3ce643f909bec)] -> xpath: //a[@id='createAccount']]\nSession ID: 5404d45c34ba18fdb9d3ce643f909bec\r\n\tat java.base/jdk.internal.reflect.NativeConstructorAccessorImpl.newInstance0(Native Method)\r\n\tat java.base/jdk.internal.reflect.NativeConstructorAccessorImpl.newInstance(NativeConstructorAccessorImpl.java:77)\r\n\tat java.base/jdk.internal.reflect.DelegatingConstructorAccessorImpl.newInstance(DelegatingConstructorAccessorImpl.java:45)\r\n\tat java.base/java.lang.reflect.Constructor.newInstanceWithCaller(Constructor.java:499)\r\n\tat java.base/java.lang.reflect.Constructor.newInstance(Constructor.java:480)\r\n\tat org.openqa.selenium.remote.ErrorCodec.decode(ErrorCodec.java:167)\r\n\tat org.openqa.selenium.remote.codec.w3c.W3CHttpResponseCodec.decode(W3CHttpResponseCodec.java:138)\r\n\tat org.openqa.selenium.remote.codec.w3c.W3CHttpResponseCodec.decode(W3CHttpResponseCodec.java:50)\r\n\tat org.openqa.selenium.remote.HttpCommandExecutor.execute(HttpCommandExecutor.java:190)\r\n\tat org.openqa.selenium.remote.service.DriverCommandExecutor.invokeExecute(DriverCommandExecutor.java:216)\r\n\tat org.openqa.selenium.remote.service.DriverCommandExecutor.execute(DriverCommandExecutor.java:174)\r\n\tat org.openqa.selenium.remote.RemoteWebDriver.execute(RemoteWebDriver.java:545)\r\n\tat org.openqa.selenium.remote.RemoteWebElement.execute(RemoteWebElement.java:223)\r\n\tat org.openqa.selenium.remote.RemoteWebElement.click(RemoteWebElement.java:76)\r\n\tat utils.ElementUtil.doClick(ElementUtil.java:125)\r\n\tat pages.LoginPage.clickSignIn(LoginPage.java:74)\r\n\tat steps.LoginInvestorSteps.userClicksOnSignInLink(LoginInvestorSteps.java:67)\r\n\tat ✽.user clicks on Sign in link(file:///C:/Users/sirig/IdeaProjects/EbAllure/src/test/resources/features/LoginInvestor.feature:24)\r\n","flaky":false,"newFailed":false,"newBroken":false,"newPassed":false,"retriesCount":0,"retriesStatusChange":false,"beforeStages":[{"name":"steps.Hooks.setUp()","time":{"start":1725559261042,"stop":1725559264284,"duration":3242},"status":"passed","steps":[],"attachments":[],"parameters":[],"shouldDisplayMessage":false,"attachmentsCount":0,"stepsCount":0,"hasContent":false,"attachmentStep":false}],"testStage":{"status":"broken","statusMessage":"element click intercepted: Element <a id=\"createAccount\" href=\"/equitybrixqa.onmicrosoft.com/B2C_1_susi/api/CombinedSigninAndSignup/unified?local=signup&amp;csrf_token=ZG5zZmJjdGo1Nk8waWhVMGhJNUxtOHNkZ0ZQVTNlU2QwMmFFVW5BZEFOUFJPWTUwdWw0MFNsR0RwTFI3blNKcXlIR1U0V0pUT1ZRZlJrWjQrbjZoTFE9PTsyMDI0LTA5LTA1VDE4OjAxOjA0Ljk4MzYwN1o7b2RsbkJSUkZHbzJyWTBMdTJTWWQ5QT09O3siT3JjaGVzdHJhdGlvblN0ZXAiOjF9&amp;tx=StateProperties=eyJUSUQiOiJlNDEwNWNiNi04YWMwLTRhNTAtYTUwMi1jMjFmNDhlN2NiOWMifQ&amp;p=B2C_1_susi\">...</a> is not clickable at point (794, 530). Other element would receive the click: <div id=\"api\" data-name=\"Unified\" role=\"main\">...</div>\n  (Session info: chrome=128.0.6613.120)\nBuild info: version: '4.24.0', revision: '748ffc9bc3'\nSystem info: os.name: 'Windows 11', os.arch: 'amd64', os.version: '10.0', java.version: '17.0.12'\nDriver info: org.openqa.selenium.chrome.ChromeDriver\nCommand: [5404d45c34ba18fdb9d3ce643f909bec, clickElement {id=f.14A001FD2AC826FF91932472AD64B374.d.3A3E8286ED5955C8295AE349FD73C3B7.e.149}]\nCapabilities {acceptInsecureCerts: false, browserName: chrome, browserVersion: 128.0.6613.120, chrome: {chromedriverVersion: 128.0.6613.119 (6e439cfca4d..., userDataDir: C:\\Users\\sirig\\AppData\\Loca...}, fedcm:accounts: true, goog:chromeOptions: {debuggerAddress: localhost:61159}, networkConnectionEnabled: false, pageLoadStrategy: normal, platformName: windows, proxy: Proxy(), se:cdp: ws://localhost:61159/devtoo..., se:cdpVersion: 128.0.6613.120, setWindowRect: true, strictFileInteractability: false, timeouts: {implicit: 0, pageLoad: 300000, script: 30000}, unhandledPromptBehavior: dismiss and notify, webauthn:extension:credBlob: true, webauthn:extension:largeBlob: true, webauthn:extension:minPinLength: true, webauthn:extension:prf: true, webauthn:virtualAuthenticators: true}\nElement: [[ChromeDriver: chrome on windows (5404d45c34ba18fdb9d3ce643f909bec)] -> xpath: //a[@id='createAccount']]\nSession ID: 5404d45c34ba18fdb9d3ce643f909bec","statusTrace":"org.openqa.selenium.ElementClickInterceptedException: element click intercepted: Element <a id=\"createAccount\" href=\"/equitybrixqa.onmicrosoft.com/B2C_1_susi/api/CombinedSigninAndSignup/unified?local=signup&amp;csrf_token=ZG5zZmJjdGo1Nk8waWhVMGhJNUxtOHNkZ0ZQVTNlU2QwMmFFVW5BZEFOUFJPWTUwdWw0MFNsR0RwTFI3blNKcXlIR1U0V0pUT1ZRZlJrWjQrbjZoTFE9PTsyMDI0LTA5LTA1VDE4OjAxOjA0Ljk4MzYwN1o7b2RsbkJSUkZHbzJyWTBMdTJTWWQ5QT09O3siT3JjaGVzdHJhdGlvblN0ZXAiOjF9&amp;tx=StateProperties=eyJUSUQiOiJlNDEwNWNiNi04YWMwLTRhNTAtYTUwMi1jMjFmNDhlN2NiOWMifQ&amp;p=B2C_1_susi\">...</a> is not clickable at point (794, 530). Other element would receive the click: <div id=\"api\" data-name=\"Unified\" role=\"main\">...</div>\n  (Session info: chrome=128.0.6613.120)\nBuild info: version: '4.24.0', revision: '748ffc9bc3'\nSystem info: os.name: 'Windows 11', os.arch: 'amd64', os.version: '10.0', java.version: '17.0.12'\nDriver info: org.openqa.selenium.chrome.ChromeDriver\nCommand: [5404d45c34ba18fdb9d3ce643f909bec, clickElement {id=f.14A001FD2AC826FF91932472AD64B374.d.3A3E8286ED5955C8295AE349FD73C3B7.e.149}]\nCapabilities {acceptInsecureCerts: false, browserName: chrome, browserVersion: 128.0.6613.120, chrome: {chromedriverVersion: 128.0.6613.119 (6e439cfca4d..., userDataDir: C:\\Users\\sirig\\AppData\\Loca...}, fedcm:accounts: true, goog:chromeOptions: {debuggerAddress: localhost:61159}, networkConnectionEnabled: false, pageLoadStrategy: normal, platformName: windows, proxy: Proxy(), se:cdp: ws://localhost:61159/devtoo..., se:cdpVersion: 128.0.6613.120, setWindowRect: true, strictFileInteractability: false, timeouts: {implicit: 0, pageLoad: 300000, script: 30000}, unhandledPromptBehavior: dismiss and notify, webauthn:extension:credBlob: true, webauthn:extension:largeBlob: true, webauthn:extension:minPinLength: true, webauthn:extension:prf: true, webauthn:virtualAuthenticators: true}\nElement: [[ChromeDriver: chrome on windows (5404d45c34ba18fdb9d3ce643f909bec)] -> xpath: //a[@id='createAccount']]\nSession ID: 5404d45c34ba18fdb9d3ce643f909bec\r\n\tat java.base/jdk.internal.reflect.NativeConstructorAccessorImpl.newInstance0(Native Method)\r\n\tat java.base/jdk.internal.reflect.NativeConstructorAccessorImpl.newInstance(NativeConstructorAccessorImpl.java:77)\r\n\tat java.base/jdk.internal.reflect.DelegatingConstructorAccessorImpl.newInstance(DelegatingConstructorAccessorImpl.java:45)\r\n\tat java.base/java.lang.reflect.Constructor.newInstanceWithCaller(Constructor.java:499)\r\n\tat java.base/java.lang.reflect.Constructor.newInstance(Constructor.java:480)\r\n\tat org.openqa.selenium.remote.ErrorCodec.decode(ErrorCodec.java:167)\r\n\tat org.openqa.selenium.remote.codec.w3c.W3CHttpResponseCodec.decode(W3CHttpResponseCodec.java:138)\r\n\tat org.openqa.selenium.remote.codec.w3c.W3CHttpResponseCodec.decode(W3CHttpResponseCodec.java:50)\r\n\tat org.openqa.selenium.remote.HttpCommandExecutor.execute(HttpCommandExecutor.java:190)\r\n\tat org.openqa.selenium.remote.service.DriverCommandExecutor.invokeExecute(DriverCommandExecutor.java:216)\r\n\tat org.openqa.selenium.remote.service.DriverCommandExecutor.execute(DriverCommandExecutor.java:174)\r\n\tat org.openqa.selenium.remote.RemoteWebDriver.execute(RemoteWebDriver.java:545)\r\n\tat org.openqa.selenium.remote.RemoteWebElement.execute(RemoteWebElement.java:223)\r\n\tat org.openqa.selenium.remote.RemoteWebElement.click(RemoteWebElement.java:76)\r\n\tat utils.ElementUtil.doClick(ElementUtil.java:125)\r\n\tat pages.LoginPage.clickSignIn(LoginPage.java:74)\r\n\tat steps.LoginInvestorSteps.userClicksOnSignInLink(LoginInvestorSteps.java:67)\r\n\tat ✽.user clicks on Sign in link(file:///C:/Users/sirig/IdeaProjects/EbAllure/src/test/resources/features/LoginInvestor.feature:24)\r\n","steps":[{"name":"Given  user is on Investor Login page","time":{"start":1725559264285,"stop":1725559266456,"duration":2171},"status":"passed","steps":[],"attachments":[],"parameters":[],"shouldDisplayMessage":false,"attachmentsCount":0,"stepsCount":0,"hasContent":false,"attachmentStep":false},{"name":"And  wait for page to load","time":{"start":1725559266456,"stop":1725559266666,"duration":210},"status":"passed","steps":[],"attachments":[],"parameters":[],"shouldDisplayMessage":false,"attachmentsCount":0,"stepsCount":0,"hasContent":false,"attachmentStep":false},{"name":"When  user clicks on Sign in link","time":{"start":1725559266666,"stop":1725559267787,"duration":1121},"status":"broken","statusMessage":"element click intercepted: Element <a id=\"createAccount\" href=\"/equitybrixqa.onmicrosoft.com/B2C_1_susi/api/CombinedSigninAndSignup/unified?local=signup&amp;csrf_token=ZG5zZmJjdGo1Nk8waWhVMGhJNUxtOHNkZ0ZQVTNlU2QwMmFFVW5BZEFOUFJPWTUwdWw0MFNsR0RwTFI3blNKcXlIR1U0V0pUT1ZRZlJrWjQrbjZoTFE9PTsyMDI0LTA5LTA1VDE4OjAxOjA0Ljk4MzYwN1o7b2RsbkJSUkZHbzJyWTBMdTJTWWQ5QT09O3siT3JjaGVzdHJhdGlvblN0ZXAiOjF9&amp;tx=StateProperties=eyJUSUQiOiJlNDEwNWNiNi04YWMwLTRhNTAtYTUwMi1jMjFmNDhlN2NiOWMifQ&amp;p=B2C_1_susi\">...</a> is not clickable at point (794, 530). Other element would receive the click: <div id=\"api\" data-name=\"Unified\" role=\"main\">...</div>\n  (Session info: chrome=128.0.6613.120)\nBuild info: version: '4.24.0', revision: '748ffc9bc3'\nSystem info: os.name: 'Windows 11', os.arch: 'amd64', os.version: '10.0', java.version: '17.0.12'\nDriver info: org.openqa.selenium.chrome.ChromeDriver\nCommand: [5404d45c34ba18fdb9d3ce643f909bec, clickElement {id=f.14A001FD2AC826FF91932472AD64B374.d.3A3E8286ED5955C8295AE349FD73C3B7.e.149}]\nCapabilities {acceptInsecureCerts: false, browserName: chrome, browserVersion: 128.0.6613.120, chrome: {chromedriverVersion: 128.0.6613.119 (6e439cfca4d..., userDataDir: C:\\Users\\sirig\\AppData\\Loca...}, fedcm:accounts: true, goog:chromeOptions: {debuggerAddress: localhost:61159}, networkConnectionEnabled: false, pageLoadStrategy: normal, platformName: windows, proxy: Proxy(), se:cdp: ws://localhost:61159/devtoo..., se:cdpVersion: 128.0.6613.120, setWindowRect: true, strictFileInteractability: false, timeouts: {implicit: 0, pageLoad: 300000, script: 30000}, unhandledPromptBehavior: dismiss and notify, webauthn:extension:credBlob: true, webauthn:extension:largeBlob: true, webauthn:extension:minPinLength: true, webauthn:extension:prf: true, webauthn:virtualAuthenticators: true}\nElement: [[ChromeDriver: chrome on windows (5404d45c34ba18fdb9d3ce643f909bec)] -> xpath: //a[@id='createAccount']]\nSession ID: 5404d45c34ba18fdb9d3ce643f909bec","statusTrace":"org.openqa.selenium.ElementClickInterceptedException: element click intercepted: Element <a id=\"createAccount\" href=\"/equitybrixqa.onmicrosoft.com/B2C_1_susi/api/CombinedSigninAndSignup/unified?local=signup&amp;csrf_token=ZG5zZmJjdGo1Nk8waWhVMGhJNUxtOHNkZ0ZQVTNlU2QwMmFFVW5BZEFOUFJPWTUwdWw0MFNsR0RwTFI3blNKcXlIR1U0V0pUT1ZRZlJrWjQrbjZoTFE9PTsyMDI0LTA5LTA1VDE4OjAxOjA0Ljk4MzYwN1o7b2RsbkJSUkZHbzJyWTBMdTJTWWQ5QT09O3siT3JjaGVzdHJhdGlvblN0ZXAiOjF9&amp;tx=StateProperties=eyJUSUQiOiJlNDEwNWNiNi04YWMwLTRhNTAtYTUwMi1jMjFmNDhlN2NiOWMifQ&amp;p=B2C_1_susi\">...</a> is not clickable at point (794, 530). Other element would receive the click: <div id=\"api\" data-name=\"Unified\" role=\"main\">...</div>\n  (Session info: chrome=128.0.6613.120)\nBuild info: version: '4.24.0', revision: '748ffc9bc3'\nSystem info: os.name: 'Windows 11', os.arch: 'amd64', os.version: '10.0', java.version: '17.0.12'\nDriver info: org.openqa.selenium.chrome.ChromeDriver\nCommand: [5404d45c34ba18fdb9d3ce643f909bec, clickElement {id=f.14A001FD2AC826FF91932472AD64B374.d.3A3E8286ED5955C8295AE349FD73C3B7.e.149}]\nCapabilities {acceptInsecureCerts: false, browserName: chrome, browserVersion: 128.0.6613.120, chrome: {chromedriverVersion: 128.0.6613.119 (6e439cfca4d..., userDataDir: C:\\Users\\sirig\\AppData\\Loca...}, fedcm:accounts: true, goog:chromeOptions: {debuggerAddress: localhost:61159}, networkConnectionEnabled: false, pageLoadStrategy: normal, platformName: windows, proxy: Proxy(), se:cdp: ws://localhost:61159/devtoo..., se:cdpVersion: 128.0.6613.120, setWindowRect: true, strictFileInteractability: false, timeouts: {implicit: 0, pageLoad: 300000, script: 30000}, unhandledPromptBehavior: dismiss and notify, webauthn:extension:credBlob: true, webauthn:extension:largeBlob: true, webauthn:extension:minPinLength: true, webauthn:extension:prf: true, webauthn:virtualAuthenticators: true}\nElement: [[ChromeDriver: chrome on windows (5404d45c34ba18fdb9d3ce643f909bec)] -> xpath: //a[@id='createAccount']]\nSession ID: 5404d45c34ba18fdb9d3ce643f909bec\r\n\tat java.base/jdk.internal.reflect.NativeConstructorAccessorImpl.newInstance0(Native Method)\r\n\tat java.base/jdk.internal.reflect.NativeConstructorAccessorImpl.newInstance(NativeConstructorAccessorImpl.java:77)\r\n\tat java.base/jdk.internal.reflect.DelegatingConstructorAccessorImpl.newInstance(DelegatingConstructorAccessorImpl.java:45)\r\n\tat java.base/java.lang.reflect.Constructor.newInstanceWithCaller(Constructor.java:499)\r\n\tat java.base/java.lang.reflect.Constructor.newInstance(Constructor.java:480)\r\n\tat org.openqa.selenium.remote.ErrorCodec.decode(ErrorCodec.java:167)\r\n\tat org.openqa.selenium.remote.codec.w3c.W3CHttpResponseCodec.decode(W3CHttpResponseCodec.java:138)\r\n\tat org.openqa.selenium.remote.codec.w3c.W3CHttpResponseCodec.decode(W3CHttpResponseCodec.java:50)\r\n\tat org.openqa.selenium.remote.HttpCommandExecutor.execute(HttpCommandExecutor.java:190)\r\n\tat org.openqa.selenium.remote.service.DriverCommandExecutor.invokeExecute(DriverCommandExecutor.java:216)\r\n\tat org.openqa.selenium.remote.service.DriverCommandExecutor.execute(DriverCommandExecutor.java:174)\r\n\tat org.openqa.selenium.remote.RemoteWebDriver.execute(RemoteWebDriver.java:545)\r\n\tat org.openqa.selenium.remote.RemoteWebElement.execute(RemoteWebElement.java:223)\r\n\tat org.openqa.selenium.remote.RemoteWebElement.click(RemoteWebElement.java:76)\r\n\tat utils.ElementUtil.doClick(ElementUtil.java:125)\r\n\tat pages.LoginPage.clickSignIn(LoginPage.java:74)\r\n\tat steps.LoginInvestorSteps.userClicksOnSignInLink(LoginInvestorSteps.java:67)\r\n\tat ✽.user clicks on Sign in link(file:///C:/Users/sirig/IdeaProjects/EbAllure/src/test/resources/features/LoginInvestor.feature:24)\r\n","steps":[],"attachments":[],"parameters":[],"shouldDisplayMessage":true,"attachmentsCount":0,"stepsCount":0,"hasContent":true,"attachmentStep":false},{"name":"And  waits for some time","time":{"start":1725559267788,"stop":1725559267790,"duration":2},"status":"skipped","steps":[],"attachments":[],"parameters":[],"shouldDisplayMessage":false,"attachmentsCount":0,"stepsCount":0,"hasContent":false,"attachmentStep":false},{"name":"And  enters email clicks send verification button","time":{"start":1725559267790,"stop":1725559267790,"duration":0},"status":"skipped","steps":[],"attachments":[],"parameters":[],"shouldDisplayMessage":false,"attachmentsCount":0,"stepsCount":0,"hasContent":false,"attachmentStep":false},{"name":"When  opt is received and enters otp","time":{"start":1725559267791,"stop":1725559267791,"duration":0},"status":"skipped","steps":[],"attachments":[],"parameters":[],"shouldDisplayMessage":false,"attachmentsCount":0,"stepsCount":0,"hasContent":false,"attachmentStep":false},{"name":"And  waits for some time","time":{"start":1725559267791,"stop":1725559267791,"duration":0},"status":"skipped","steps":[],"attachments":[],"parameters":[],"shouldDisplayMessage":false,"attachmentsCount":0,"stepsCount":0,"hasContent":false,"attachmentStep":false},{"name":"And  clicks verify button","time":{"start":1725559267791,"stop":1725559267792,"duration":1},"status":"skipped","steps":[],"attachments":[],"parameters":[],"shouldDisplayMessage":false,"attachmentsCount":0,"stepsCount":0,"hasContent":false,"attachmentStep":false}],"attachments":[],"parameters":[],"shouldDisplayMessage":false,"attachmentsCount":0,"stepsCount":8,"hasContent":true,"attachmentStep":false},"afterStages":[{"name":"steps.Hooks.tearDown()","time":{"start":1725559267792,"stop":1725559267792,"duration":0},"status":"passed","steps":[],"attachments":[],"parameters":[],"shouldDisplayMessage":false,"attachmentsCount":0,"stepsCount":0,"hasContent":false,"attachmentStep":false}],"labels":[{"name":"tag","value":"UI"},{"name":"tag","value":"smokeTest"},{"name":"host","value":"LAPTOP-4N1SHKCG"},{"name":"thread","value":"26804@LAPTOP-4N1SHKCG.main(1)"},{"name":"feature","value":"Login Page Feature"},{"name":"story","value":"Investor Sign/Create  Successful"},{"name":"suite","value":"Login Page Feature"},{"name":"testClass","value":"Investor Sign/Create  Successful"},{"name":"framework","value":"cucumber6jvm"},{"name":"language","value":"java"},{"name":"gherkin_uri","value":"file:///C:/Users/sirig/IdeaProjects/EbAllure/src/test/resources/features/LoginInvestor.feature"},{"name":"package","value":"src.test.resources.features.LoginInvestor_feature.Login Page Feature"},{"name":"resultFormat","value":"allure2"}],"parameters":[],"links":[],"hidden":true,"retry":true,"extra":{"categories":[],"tags":["UI","smokeTest"]},"source":"f79110cde60d7631.json","parameterValues":[]}